<?xml version="1.0" encoding="UTF-8"?>
<!-- Generated by org.testng.reporters.JUnitXMLReporter -->
<testsuite ignored="0" hostname="DESKTOP-G7B0PR6" failures="0" tests="4" name="Application" time="0.096" errors="0" timestamp="21 Jul 2019 18:41:29 GMT">
  <testcase classname="test1.TestNGClass_1" name="testcase1" time="0.031"/>
  <testcase classname="test1.TestNGClass_1" name="testcase2" time="0.0"/>
  <testcase classname="test1.TestNGClass_2" name="testcase1" time="0.0"/>
  <testcase classname="test1.TestNGClass_2" name="testcase2" time="0.0"/>
</testsuite> <!-- Application -->
