<?xml version="1.0" encoding="UTF-8"?>
<testng-results ignored="0" total="4" passed="4" failed="0" skipped="0">
  <reporter-output>
  </reporter-output>
  <suite started-at="2019-07-21T18:41:28Z" name="Regression" finished-at="2019-07-21T18:41:28Z" duration-ms="96">
    <groups>
    </groups>
    <test started-at="2019-07-21T18:41:28Z" name="Application" finished-at="2019-07-21T18:41:28Z" duration-ms="96">
      <class name="test1.TestNGClass_1">
        <test-method is-config="true" signature="beforeSuite()[pri:0, instance:test1.TestNGClass_1@17a7f733]" started-at="2019-07-21T18:41:28Z" name="beforeSuite" finished-at="2019-07-21T18:41:28Z" duration-ms="15" status="PASS">
          <reporter-output>
          </reporter-output>
        </test-method> <!-- beforeSuite -->
        <test-method is-config="true" signature="beforeTest()[pri:0, instance:test1.TestNGClass_1@17a7f733]" started-at="2019-07-21T18:41:28Z" name="beforeTest" finished-at="2019-07-21T18:41:28Z" duration-ms="0" status="PASS">
          <reporter-output>
          </reporter-output>
        </test-method> <!-- beforeTest -->
        <test-method is-config="true" signature="beforeMethod()[pri:0, instance:test1.TestNGClass_1@17a7f733]" started-at="2019-07-21T18:41:28Z" name="beforeMethod" finished-at="2019-07-21T18:41:28Z" duration-ms="0" status="PASS">
          <reporter-output>
          </reporter-output>
        </test-method> <!-- beforeMethod -->
        <test-method is-config="true" signature="beforeClass()[pri:0, instance:test1.TestNGClass_1@17a7f733]" started-at="2019-07-21T18:41:28Z" name="beforeClass" finished-at="2019-07-21T18:41:28Z" duration-ms="0" status="PASS">
          <reporter-output>
          </reporter-output>
        </test-method> <!-- beforeClass -->
        <test-method signature="testcase1()[pri:0, instance:test1.TestNGClass_1@17a7f733]" started-at="2019-07-21T18:41:28Z" name="testcase1" finished-at="2019-07-21T18:41:28Z" duration-ms="31" status="PASS">
          <reporter-output>
          </reporter-output>
        </test-method> <!-- testcase1 -->
        <test-method is-config="true" signature="afterMethod()[pri:0, instance:test1.TestNGClass_1@17a7f733]" started-at="2019-07-21T18:41:28Z" name="afterMethod" finished-at="2019-07-21T18:41:28Z" duration-ms="0" status="PASS">
          <reporter-output>
          </reporter-output>
        </test-method> <!-- afterMethod -->
        <test-method signature="testcase2()[pri:0, instance:test1.TestNGClass_1@17a7f733]" started-at="2019-07-21T18:41:28Z" name="testcase2" finished-at="2019-07-21T18:41:28Z" duration-ms="0" status="PASS">
          <reporter-output>
          </reporter-output>
        </test-method> <!-- testcase2 -->
        <test-method is-config="true" signature="beforeMethod()[pri:0, instance:test1.TestNGClass_1@17a7f733]" started-at="2019-07-21T18:41:28Z" name="beforeMethod" finished-at="2019-07-21T18:41:28Z" duration-ms="0" status="PASS">
          <reporter-output>
          </reporter-output>
        </test-method> <!-- beforeMethod -->
        <test-method is-config="true" signature="afterClass()[pri:0, instance:test1.TestNGClass_1@17a7f733]" started-at="2019-07-21T18:41:28Z" name="afterClass" finished-at="2019-07-21T18:41:28Z" duration-ms="0" status="PASS">
          <reporter-output>
          </reporter-output>
        </test-method> <!-- afterClass -->
        <test-method is-config="true" signature="afterMethod()[pri:0, instance:test1.TestNGClass_1@17a7f733]" started-at="2019-07-21T18:41:28Z" name="afterMethod" finished-at="2019-07-21T18:41:28Z" duration-ms="0" status="PASS">
          <reporter-output>
          </reporter-output>
        </test-method> <!-- afterMethod -->
        <test-method is-config="true" signature="afterTest()[pri:0, instance:test1.TestNGClass_1@17a7f733]" started-at="2019-07-21T18:41:28Z" name="afterTest" finished-at="2019-07-21T18:41:28Z" duration-ms="0" status="PASS">
          <reporter-output>
          </reporter-output>
        </test-method> <!-- afterTest -->
        <test-method is-config="true" signature="afterSuite()[pri:0, instance:test1.TestNGClass_1@17a7f733]" started-at="2019-07-21T18:41:29Z" name="afterSuite" finished-at="2019-07-21T18:41:29Z" duration-ms="0" status="PASS">
          <reporter-output>
          </reporter-output>
        </test-method> <!-- afterSuite -->
      </class> <!-- test1.TestNGClass_1 -->
      <class name="test1.TestNGClass_2">
        <test-method is-config="true" signature="beforeMethod()[pri:0, instance:test1.TestNGClass_2@68567e20]" started-at="2019-07-21T18:41:28Z" name="beforeMethod" finished-at="2019-07-21T18:41:28Z" duration-ms="0" status="PASS">
          <reporter-output>
          </reporter-output>
        </test-method> <!-- beforeMethod -->
        <test-method is-config="true" signature="afterMethod()[pri:0, instance:test1.TestNGClass_2@68567e20]" started-at="2019-07-21T18:41:28Z" name="afterMethod" finished-at="2019-07-21T18:41:28Z" duration-ms="16" status="PASS">
          <reporter-output>
          </reporter-output>
        </test-method> <!-- afterMethod -->
        <test-method is-config="true" signature="beforeClass()[pri:0, instance:test1.TestNGClass_2@68567e20]" started-at="2019-07-21T18:41:28Z" name="beforeClass" finished-at="2019-07-21T18:41:28Z" duration-ms="0" status="PASS">
          <reporter-output>
          </reporter-output>
        </test-method> <!-- beforeClass -->
        <test-method signature="testcase1()[pri:0, instance:test1.TestNGClass_2@68567e20]" started-at="2019-07-21T18:41:28Z" name="testcase1" finished-at="2019-07-21T18:41:28Z" duration-ms="0" status="PASS">
          <reporter-output>
          </reporter-output>
        </test-method> <!-- testcase1 -->
        <test-method is-config="true" signature="afterMethod()[pri:0, instance:test1.TestNGClass_2@68567e20]" started-at="2019-07-21T18:41:28Z" name="afterMethod" finished-at="2019-07-21T18:41:28Z" duration-ms="0" status="PASS">
          <reporter-output>
          </reporter-output>
        </test-method> <!-- afterMethod -->
        <test-method signature="testcase2()[pri:0, instance:test1.TestNGClass_2@68567e20]" started-at="2019-07-21T18:41:28Z" name="testcase2" finished-at="2019-07-21T18:41:28Z" duration-ms="0" status="PASS">
          <reporter-output>
          </reporter-output>
        </test-method> <!-- testcase2 -->
        <test-method is-config="true" signature="afterClass()[pri:0, instance:test1.TestNGClass_2@68567e20]" started-at="2019-07-21T18:41:28Z" name="afterClass" finished-at="2019-07-21T18:41:28Z" duration-ms="0" status="PASS">
          <reporter-output>
          </reporter-output>
        </test-method> <!-- afterClass -->
        <test-method is-config="true" signature="beforeMethod()[pri:0, instance:test1.TestNGClass_2@68567e20]" started-at="2019-07-21T18:41:28Z" name="beforeMethod" finished-at="2019-07-21T18:41:28Z" duration-ms="0" status="PASS">
          <reporter-output>
          </reporter-output>
        </test-method> <!-- beforeMethod -->
      </class> <!-- test1.TestNGClass_2 -->
    </test> <!-- Application -->
  </suite> <!-- Regression -->
</testng-results>
